# JRE version: OpenJDK Runtime Environment Temurin-17.0.8.1+1 (17.0.8.1+1) (build 17.0.8.1+1)
# Java VM: OpenJDK 64-Bit Server VM Temurin-17.0.8.1+1 (17.0.8.1+1, mixed mode, emulated-client, tiered, compressed oops, compressed class ptrs, g1 gc, windows-amd64)
GC Precious Log:
 CPUs: 2 total, 2 available
 Memory: 7638M
 Large Page Support: Disabled
 NUMA Support: Disabled
 Compressed Oops: Enabled (32-bit)
 Heap Region Size: 1M
 Heap Min Capacity: 8M
 Heap Initial Capacity: 120M
 Heap Max Capacity: 1910M
 Pre-touch: Disabled
 Parallel Workers: 2
 Concurrent Workers: 1
 Concurrent Refinement Workers: 2
 Periodic GC: Disabled
Heap:
 garbage-first heap   total 92160K, used 73505K [0x0000000088a00000, 0x0000000100000000)
  region size 1024K, 44 young (45056K), 4 survivors (4096K)
 Metaspace       used 84917K, committed 85568K, reserved 1179648K
  class space    used 11475K, committed 11776K, reserved 1048576K
GC Heap History (20 events):
Event: 2144.488 GC heap after
{Heap after GC invocations=93 (full 4):
 garbage-first heap   total 92160K, used 29724K [0x0000000088a00000, 0x0000000100000000)
  region size 1024K, 3 young (3072K), 3 survivors (3072K)
 Metaspace       used 83508K, committed 84160K, reserved 1179648K
  class space    used 11358K, committed 11648K, reserved 1048576K
}
Event: 2145.468 GC heap before
{Heap before GC invocations=94 (full 4):
 garbage-first heap   total 92160K, used 70684K [0x0000000088a00000, 0x0000000100000000)
  region size 1024K, 43 young (44032K), 3 survivors (3072K)
 Metaspace       used 83732K, committed 84352K, reserved 1179648K
  class space    used 11374K, committed 11648K, reserved 1048576K
}
Event: 2145.496 GC heap after
{Heap after GC invocations=95 (full 4):
 garbage-first heap   total 92160K, used 32292K [0x0000000088a00000, 0x0000000100000000)
  region size 1024K, 6 young (6144K), 6 survivors (6144K)
 Metaspace       used 83732K, committed 84352K, reserved 1179648K
  class space    used 11374K, committed 11648K, reserved 1048576K
}
Event: 2146.952 GC heap before
{Heap before GC invocations=95 (full 4):
 garbage-first heap   total 92160K, used 71204K [0x0000000088a00000, 0x0000000100000000)
  region size 1024K, 44 young (45056K), 6 survivors (6144K)
 Metaspace       used 84070K, committed 84736K, reserved 1179648K
  class space    used 11398K, committed 11712K, reserved 1048576K
}
Event: 2146.974 GC heap after
{Heap after GC invocations=96 (full 4):
 garbage-first heap   total 92160K, used 33531K [0x0000000088a00000, 0x0000000100000000)
  region size 1024K, 4 young (4096K), 4 survivors (4096K)
 Metaspace       used 84070K, committed 84736K, reserved 1179648K
  class space    used 11398K, committed 11712K, reserved 1048576K
}
Event: 2166.013 GC heap before
{Heap before GC invocations=97 (full 4):
 garbage-first heap   total 92160K, used 48891K [0x0000000088a00000, 0x0000000100000000)
  region size 1024K, 20 young (20480K), 4 survivors (4096K)
 Metaspace       used 84109K, committed 84800K, reserved 1179648K
  class space    used 11401K, committed 11712K, reserved 1048576K
}
Event: 2166.151 GC heap after
{Heap after GC invocations=98 (full 5):
 garbage-first heap   total 92160K, used 26729K [0x0000000088a00000, 0x0000000100000000)
  region size 1024K, 0 young (0K), 0 survivors (0K)
 Metaspace       used 83325K, committed 84608K, reserved 1179648K
  class space    used 11334K, committed 11712K, reserved 1048576K
}
Event: 2167.881 GC heap before
{Heap before GC invocations=98 (full 5):
 garbage-first heap   total 92160K, used 71785K [0x0000000088a00000, 0x0000000100000000)
  region size 1024K, 44 young (45056K), 0 survivors (0K)
 Metaspace       used 83508K, committed 84608K, reserved 1179648K
  class space    used 11357K, committed 11712K, reserved 1048576K
}
Event: 2167.893 GC heap after
{Heap after GC invocations=99 (full 5):
 garbage-first heap   total 92160K, used 30626K [0x0000000088a00000, 0x0000000100000000)
  region size 1024K, 4 young (4096K), 4 survivors (4096K)
 Metaspace       used 83508K, committed 84608K, reserved 1179648K
  class space    used 11357K, committed 11712K, reserved 1048576K
}
Event: 2168.811 GC heap before
{Heap before GC invocations=100 (full 5):
 garbage-first heap   total 92160K, used 72610K [0x0000000088a00000, 0x0000000100000000)
  region size 1024K, 45 young (46080K), 4 survivors (4096K)
 Metaspace       used 83828K, committed 84608K, reserved 1179648K
  class space    used 11387K, committed 11712K, reserved 1048576K
}
Event: 2168.826 GC heap after
{Heap after GC invocations=101 (full 5):
 garbage-first heap   total 92160K, used 32247K [0x0000000088a00000, 0x0000000100000000)
  region size 1024K, 3 young (3072K), 3 survivors (3072K)
 Metaspace       used 83828K, committed 84608K, reserved 1179648K
  class space    used 11387K, committed 11712K, reserved 1048576K
}
Event: 2170.957 GC heap before
{Heap before GC invocations=101 (full 5):
 garbage-first heap   total 92160K, used 72183K [0x0000000088a00000, 0x0000000100000000)
  region size 1024K, 42 young (43008K), 3 survivors (3072K)
 Metaspace       used 84135K, committed 84800K, reserved 1179648K
  class space    used 11408K, committed 11712K, reserved 1048576K
}
Event: 2170.971 GC heap after
{Heap after GC invocations=102 (full 5):
 garbage-first heap   total 92160K, used 33883K [0x0000000088a00000, 0x0000000100000000)
  region size 1024K, 4 young (4096K), 4 survivors (4096K)
 Metaspace       used 84135K, committed 84800K, reserved 1179648K
  class space    used 11408K, committed 11712K, reserved 1048576K
}
Event: 2172.755 GC heap before
{Heap before GC invocations=103 (full 5):
 garbage-first heap   total 92160K, used 42075K [0x0000000088a00000, 0x0000000100000000)
  region size 1024K, 13 young (13312K), 4 survivors (4096K)
 Metaspace       used 84167K, committed 84864K, reserved 1179648K
  class space    used 11410K, committed 11712K, reserved 1048576K
}
Event: 2172.887 GC heap after
{Heap after GC invocations=104 (full 6):
 garbage-first heap   total 92160K, used 27154K [0x0000000088a00000, 0x0000000100000000)
  region size 1024K, 0 young (0K), 0 survivors (0K)
 Metaspace       used 84131K, committed 84864K, reserved 1179648K
  class space    used 11404K, committed 11712K, reserved 1048576K
}
Event: 2174.038 GC heap before
{Heap before GC invocations=104 (full 6):
 garbage-first heap   total 92160K, used 72210K [0x0000000088a00000, 0x0000000100000000)
  region size 1024K, 44 young (45056K), 0 survivors (0K)
 Metaspace       used 84318K, committed 84992K, reserved 1179648K
  class space    used 11430K, committed 11712K, reserved 1048576K
}
Event: 2174.050 GC heap after
{Heap after GC invocations=105 (full 6):
 garbage-first heap   total 92160K, used 30568K [0x0000000088a00000, 0x0000000100000000)
  region size 1024K, 4 young (4096K), 4 survivors (4096K)
 Metaspace       used 84318K, committed 84992K, reserved 1179648K
  class space    used 11430K, committed 11712K, reserved 1048576K
}
Event: 2175.012 GC heap before
{Heap before GC invocations=106 (full 6):
 garbage-first heap   total 92160K, used 72552K [0x0000000088a00000, 0x0000000100000000)
  region size 1024K, 45 young (46080K), 4 survivors (4096K)
 Metaspace       used 84569K, committed 85248K, reserved 1179648K
  class space    used 11451K, committed 11776K, reserved 1048576K
}
Event: 2175.028 GC heap after
{Heap after GC invocations=107 (full 6):
 garbage-first heap   total 92160K, used 32545K [0x0000000088a00000, 0x0000000100000000)
  region size 1024K, 3 young (3072K), 3 survivors (3072K)
 Metaspace       used 84569K, committed 85248K, reserved 1179648K
  class space    used 11451K, committed 11776K, reserved 1048576K
}
Event: 2175.748 GC heap before
{Heap before GC invocations=107 (full 6):
 garbage-first heap   total 92160K, used 73505K [0x0000000088a00000, 0x0000000100000000)
  region size 1024K, 43 young (44032K), 3 survivors (3072K)
 Metaspace       used 84917K, committed 85568K, reserved 1179648K
  class space    used 11475K, committed 11776K, reserved 1048576K
}

